** Flashing Edison Board Wed Jun 10 14:56:21 MDT 2015 **
WARNING: Can not find cached DFU functional descriptor
Error obtaining cached DFU functional descriptor
No valid DFU suffix signature
Warning: File has no DFU suffix
dfu-util 0.5

(C) 2005-2008 by Weston Schmidt, Harald Welte and OpenMoko Inc.
(C) 2010-2011 Tormod Volden (DfuSe support)
This program is Free Software and has ABSOLUTELY NO WARRANTY

dfu-util does currently only support DFU version 1.0

Filter on vendor = 0x8087 product = 0x0a99
Opening DFU USB device... ID 8087:0a99
Did not find cached descriptor
Warning: Assuming DFU version 1.0
Run-time device DFU version 0100
Found DFU: [8087:0a99] devnum=0, cfg=1, intf=0, alt=0, name="ifwi00"
Claiming USB DFU Interface...
Setting Alternate Setting #0 ...
Determining device status: state = dfuIDLE, status = 0
dfuIDLE, continuing
Did not find cached descriptor
DFU mode device DFU version 0110
Device returned transfer size 4096
bytes_per_hash=83886
Copying data from PC to DFU device
Starting download: [##################################################] finished!
Sent a total of 4194304 bytes
state(7) = dfuMANIFEST, status(0) = No error condition is present
state(2) = dfuIDLE, status(0) = No error condition is present
Done!
WARNING: Can not find cached DFU functional descriptor
Error obtaining cached DFU functional descriptor
No valid DFU suffix signature
Warning: File has no DFU suffix
dfu-util 0.5

(C) 2005-2008 by Weston Schmidt, Harald Welte and OpenMoko Inc.
(C) 2010-2011 Tormod Volden (DfuSe support)
This program is Free Software and has ABSOLUTELY NO WARRANTY

dfu-util does currently only support DFU version 1.0

Filter on vendor = 0x8087 product = 0x0a99
Opening DFU USB device... ID 8087:0a99
Did not find cached descriptor
Warning: Assuming DFU version 1.0
Run-time device DFU version 0100
Found DFU: [8087:0a99] devnum=0, cfg=1, intf=0, alt=1, name="ifwib00"
Claiming USB DFU Interface...
Setting Alternate Setting #1 ...
Determining device status: state = dfuIDLE, status = 0
dfuIDLE, continuing
Did not find cached descriptor
DFU mode device DFU version 0110
Device returned transfer size 4096
bytes_per_hash=83886
Copying data from PC to DFU device
Starting download: [##################################################] finished!
Sent a total of 4194304 bytes
state(7) = dfuMANIFEST, status(0) = No error condition is present
state(2) = dfuIDLE, status(0) = No error condition is present
Done!
WARNING: Can not find cached DFU functional descriptor
Error obtaining cached DFU functional descriptor
No valid DFU suffix signature
Warning: File has no DFU suffix
dfu-util 0.5

(C) 2005-2008 by Weston Schmidt, Harald Welte and OpenMoko Inc.
(C) 2010-2011 Tormod Volden (DfuSe support)
This program is Free Software and has ABSOLUTELY NO WARRANTY

dfu-util does currently only support DFU version 1.0

Filter on vendor = 0x8087 product = 0x0a99
Opening DFU USB device... ID 8087:0a99
Did not find cached descriptor
Warning: Assuming DFU version 1.0
Run-time device DFU version 0100
Found DFU: [8087:0a99] devnum=0, cfg=1, intf=0, alt=2, name="u-boot0"
Claiming USB DFU Interface...
Setting Alternate Setting #2 ...
Determining device status: state = dfuIDLE, status = 0
dfuIDLE, continuing
Did not find cached descriptor
DFU mode device DFU version 0110
Device returned transfer size 4096
bytes_per_hash=4915
Copying data from PC to DFU device
Starting download: [##################################################] finished!
Sent a total of 245760 bytes
state(7) = dfuMANIFEST, status(0) = No error condition is present
state(2) = dfuIDLE, status(0) = No error condition is present
Done!
WARNING: Can not find cached DFU functional descriptor
Error obtaining cached DFU functional descriptor
No valid DFU suffix signature
Warning: File has no DFU suffix
dfu-util 0.5

(C) 2005-2008 by Weston Schmidt, Harald Welte and OpenMoko Inc.
(C) 2010-2011 Tormod Volden (DfuSe support)
This program is Free Software and has ABSOLUTELY NO WARRANTY

dfu-util does currently only support DFU version 1.0

Filter on vendor = 0x8087 product = 0x0a99
Opening DFU USB device... ID 8087:0a99
Did not find cached descriptor
Warning: Assuming DFU version 1.0
Run-time device DFU version 0100
Found DFU: [8087:0a99] devnum=0, cfg=1, intf=0, alt=3, name="u-boot-env0"
Claiming USB DFU Interface...
Setting Alternate Setting #3 ...
Determining device status: state = dfuIDLE, status = 0
dfuIDLE, continuing
Did not find cached descriptor
DFU mode device DFU version 0110
Device returned transfer size 4096
bytes_per_hash=1310
Copying data from PC to DFU device
Starting download: [##################################################] finished!
Sent a total of 65536 bytes
state(7) = dfuMANIFEST, status(0) = No error condition is present
state(2) = dfuIDLE, status(0) = No error condition is present
Done!
WARNING: Can not find cached DFU functional descriptor
Error obtaining cached DFU functional descriptor
No valid DFU suffix signature
Warning: File has no DFU suffix
dfu-util 0.5

(C) 2005-2008 by Weston Schmidt, Harald Welte and OpenMoko Inc.
(C) 2010-2011 Tormod Volden (DfuSe support)
This program is Free Software and has ABSOLUTELY NO WARRANTY

dfu-util does currently only support DFU version 1.0

Filter on vendor = 0x8087 product = 0x0a99
Opening DFU USB device... ID 8087:0a99
Did not find cached descriptor
Warning: Assuming DFU version 1.0
Run-time device DFU version 0100
Found DFU: [8087:0a99] devnum=0, cfg=1, intf=0, alt=5, name="u-boot-env1"
Claiming USB DFU Interface...
Setting Alternate Setting #5 ...
Determining device status: state = dfuIDLE, status = 0
dfuIDLE, continuing
Did not find cached descriptor
DFU mode device DFU version 0110
Device returned transfer size 4096
bytes_per_hash=1310
Copying data from PC to DFU device
Starting download: [##################################################] finished!
Sent a total of 65536 bytes
state(7) = dfuMANIFEST, status(0) = No error condition is present
state(2) = dfuIDLE, status(0) = No error condition is present
Done!
Resetting USB to switch back to runtime mode
WARNING: Can not find cached DFU functional descriptor
Error obtaining cached DFU functional descriptor
/home/plusk/dev/Edison-Ethernet/src/toFlash/edison-image-edison.hddimg: No such file or directory
dfu-util 0.5

(C) 2005-2008 by Weston Schmidt, Harald Welte and OpenMoko Inc.
(C) 2010-2011 Tormod Volden (DfuSe support)
This program is Free Software and has ABSOLUTELY NO WARRANTY

dfu-util does currently only support DFU version 1.0

Filter on vendor = 0x8087 product = 0x0a99
Opening DFU USB device... ID 8087:0a99
Did not find cached descriptor
Warning: Assuming DFU version 1.0
Run-time device DFU version 0100
Found DFU: [8087:0a99] devnum=0, cfg=1, intf=0, alt=6, name="boot"
Claiming USB DFU Interface...
Setting Alternate Setting #6 ...
Determining device status: state = dfuIDLE, status = 0
dfuIDLE, continuing
Did not find cached descriptor
DFU mode device DFU version 0110
Device returned transfer size 4096
WARNING: Can not find cached DFU functional descriptor
Error obtaining cached DFU functional descriptor
/home/plusk/dev/Edison-Ethernet/src/toFlash/edison-image-edison.ext4: No such file or directory
dfu-util 0.5

(C) 2005-2008 by Weston Schmidt, Harald Welte and OpenMoko Inc.
(C) 2010-2011 Tormod Volden (DfuSe support)
This program is Free Software and has ABSOLUTELY NO WARRANTY

dfu-util does currently only support DFU version 1.0

Filter on vendor = 0x8087 product = 0x0a99
Opening DFU USB device... ID 8087:0a99
Did not find cached descriptor
Warning: Assuming DFU version 1.0
Run-time device DFU version 0100
Found DFU: [8087:0a99] devnum=0, cfg=1, intf=0, alt=7, name="rootfs"
Claiming USB DFU Interface...
Setting Alternate Setting #7 ...
Determining device status: state = dfuIDLE, status = 0
dfuIDLE, continuing
Did not find cached descriptor
DFU mode device DFU version 0110
Device returned transfer size 4096
